1724405248565 GET /api/book
1724405365113 POST /api/user
1724405387012 POST /api/user
1724405418885 POST /api/user
1724405524330 POST /api/user
1724405571150 POST /api/user
1724405601309 GET /api/user/
1724405615868 DELETE /api/user/%22aeeec96c-01c7-47bd-b105-c65295df68f2%22
1724412167923 DELETE /api/user/%22aeeec96c-01c7-47bd-b105-c65295df68f2%22
1724412175253 GET /api/user/
1724412233054 GET /api/user/
1724412244237 POST /api/user/
1724412267666 GET /api/user/
1724412350162 POST /api/user/
1724412376028 GET /api/user/
1724412392614 PUT /api/user/66c871547f513e7768deeeb2
1724412402451 GET /api/user/
1724914329411 POST /login
1724914329612 GET /favicon.ico
1724914382007 GET /api/user/
1724914868045 GET /api/user/
1724914892138 POST /api/user/
1724915096019 POST /api/book/
1724915146245 POST /api/book/
1724915242792 POST /api/book/
1724915274503 POST /api/book/
1724915456685 POST /api/book/
1724915555567 POST /api/book/
1724915565858 POST /api/book
1724915716929 POST /api/user
1724915835541 POST /api/book
1724916188298 POST /api/book
1724916410206 POST /api/book
